{"C:\\Users\\Vero\\git\\otus_javascript_10_2020_alekseevskaya_2\\src\\script.js": {"path":"C:\\Users\\Vero\\git\\otus_javascript_10_2020_alekseevskaya_2\\src\\script.js","all":false,"statementMap":{"0":{"start":{"line":1,"column":0},"end":{"line":1,"column":24}},"1":{"start":{"line":2,"column":0},"end":{"line":2,"column":26}},"2":{"start":{"line":3,"column":0},"end":{"line":3,"column":0}},"3":{"start":{"line":4,"column":0},"end":{"line":4,"column":27}},"4":{"start":{"line":5,"column":0},"end":{"line":5,"column":69}},"5":{"start":{"line":6,"column":0},"end":{"line":6,"column":56}},"6":{"start":{"line":7,"column":0},"end":{"line":7,"column":48}},"7":{"start":{"line":8,"column":0},"end":{"line":8,"column":42}},"8":{"start":{"line":9,"column":0},"end":{"line":9,"column":0}},"9":{"start":{"line":10,"column":0},"end":{"line":10,"column":51}},"10":{"start":{"line":11,"column":0},"end":{"line":11,"column":24}},"11":{"start":{"line":12,"column":0},"end":{"line":12,"column":34}},"12":{"start":{"line":13,"column":0},"end":{"line":13,"column":55}},"13":{"start":{"line":14,"column":0},"end":{"line":14,"column":35}},"14":{"start":{"line":15,"column":0},"end":{"line":15,"column":23}},"15":{"start":{"line":16,"column":0},"end":{"line":16,"column":0}},"16":{"start":{"line":17,"column":0},"end":{"line":17,"column":56}},"17":{"start":{"line":18,"column":0},"end":{"line":18,"column":51}},"18":{"start":{"line":19,"column":0},"end":{"line":19,"column":5}},"19":{"start":{"line":20,"column":0},"end":{"line":20,"column":1}},"20":{"start":{"line":21,"column":0},"end":{"line":21,"column":47}},"21":{"start":{"line":22,"column":0},"end":{"line":22,"column":61}},"22":{"start":{"line":23,"column":0},"end":{"line":23,"column":49}},"23":{"start":{"line":24,"column":0},"end":{"line":24,"column":47}},"24":{"start":{"line":25,"column":0},"end":{"line":25,"column":1}},"25":{"start":{"line":26,"column":0},"end":{"line":26,"column":41}},"26":{"start":{"line":27,"column":0},"end":{"line":27,"column":66}},"27":{"start":{"line":28,"column":0},"end":{"line":28,"column":36}},"28":{"start":{"line":29,"column":0},"end":{"line":29,"column":56}},"29":{"start":{"line":30,"column":0},"end":{"line":30,"column":3}},"30":{"start":{"line":31,"column":0},"end":{"line":31,"column":40}},"31":{"start":{"line":32,"column":0},"end":{"line":32,"column":21}},"32":{"start":{"line":33,"column":0},"end":{"line":33,"column":31}},"33":{"start":{"line":34,"column":0},"end":{"line":34,"column":0}},"34":{"start":{"line":35,"column":0},"end":{"line":35,"column":40}},"35":{"start":{"line":36,"column":0},"end":{"line":36,"column":43}},"36":{"start":{"line":37,"column":0},"end":{"line":37,"column":38}},"37":{"start":{"line":38,"column":0},"end":{"line":38,"column":33}},"38":{"start":{"line":39,"column":0},"end":{"line":39,"column":34}},"39":{"start":{"line":40,"column":0},"end":{"line":40,"column":0}},"40":{"start":{"line":41,"column":0},"end":{"line":41,"column":46}},"41":{"start":{"line":42,"column":0},"end":{"line":42,"column":32}},"42":{"start":{"line":43,"column":0},"end":{"line":43,"column":46}},"43":{"start":{"line":44,"column":0},"end":{"line":44,"column":64}},"44":{"start":{"line":45,"column":0},"end":{"line":45,"column":35}},"45":{"start":{"line":46,"column":0},"end":{"line":46,"column":10}},"46":{"start":{"line":47,"column":0},"end":{"line":47,"column":42}},"47":{"start":{"line":48,"column":0},"end":{"line":48,"column":47}},"48":{"start":{"line":49,"column":0},"end":{"line":49,"column":33}},"49":{"start":{"line":50,"column":0},"end":{"line":50,"column":3}},"50":{"start":{"line":51,"column":0},"end":{"line":51,"column":1}},"51":{"start":{"line":52,"column":0},"end":{"line":52,"column":0}},"52":{"start":{"line":53,"column":0},"end":{"line":53,"column":37}},"53":{"start":{"line":54,"column":0},"end":{"line":54,"column":51}},"54":{"start":{"line":55,"column":0},"end":{"line":55,"column":13}},"55":{"start":{"line":56,"column":0},"end":{"line":56,"column":56}},"56":{"start":{"line":57,"column":0},"end":{"line":57,"column":48}},"57":{"start":{"line":58,"column":0},"end":{"line":58,"column":36}},"58":{"start":{"line":59,"column":0},"end":{"line":59,"column":45}},"59":{"start":{"line":60,"column":0},"end":{"line":60,"column":22}},"60":{"start":{"line":61,"column":0},"end":{"line":61,"column":1}},"61":{"start":{"line":62,"column":0},"end":{"line":62,"column":0}},"62":{"start":{"line":63,"column":0},"end":{"line":63,"column":37}},"63":{"start":{"line":64,"column":0},"end":{"line":64,"column":69}},"64":{"start":{"line":65,"column":0},"end":{"line":65,"column":36}},"65":{"start":{"line":66,"column":0},"end":{"line":66,"column":19}},"66":{"start":{"line":67,"column":0},"end":{"line":67,"column":1}},"67":{"start":{"line":68,"column":0},"end":{"line":68,"column":0}},"68":{"start":{"line":69,"column":0},"end":{"line":69,"column":45}},"69":{"start":{"line":70,"column":0},"end":{"line":70,"column":54}},"70":{"start":{"line":71,"column":0},"end":{"line":71,"column":36}},"71":{"start":{"line":72,"column":0},"end":{"line":72,"column":60}},"72":{"start":{"line":73,"column":0},"end":{"line":73,"column":30}},"73":{"start":{"line":74,"column":0},"end":{"line":74,"column":32}},"74":{"start":{"line":75,"column":0},"end":{"line":75,"column":17}},"75":{"start":{"line":76,"column":0},"end":{"line":76,"column":57}},"76":{"start":{"line":77,"column":0},"end":{"line":77,"column":43}},"77":{"start":{"line":78,"column":0},"end":{"line":78,"column":33}},"78":{"start":{"line":79,"column":0},"end":{"line":79,"column":50}},"79":{"start":{"line":80,"column":0},"end":{"line":80,"column":22}},"80":{"start":{"line":81,"column":0},"end":{"line":81,"column":10}},"81":{"start":{"line":82,"column":0},"end":{"line":82,"column":44}},"82":{"start":{"line":83,"column":0},"end":{"line":83,"column":3}},"83":{"start":{"line":84,"column":0},"end":{"line":84,"column":1}},"84":{"start":{"line":85,"column":0},"end":{"line":85,"column":51}},"85":{"start":{"line":86,"column":0},"end":{"line":86,"column":66}},"86":{"start":{"line":87,"column":0},"end":{"line":87,"column":33}},"87":{"start":{"line":88,"column":0},"end":{"line":88,"column":48}},"88":{"start":{"line":89,"column":0},"end":{"line":89,"column":44}},"89":{"start":{"line":90,"column":0},"end":{"line":90,"column":44}},"90":{"start":{"line":91,"column":0},"end":{"line":91,"column":0}},"91":{"start":{"line":92,"column":0},"end":{"line":92,"column":50}},"92":{"start":{"line":93,"column":0},"end":{"line":93,"column":51}},"93":{"start":{"line":94,"column":0},"end":{"line":94,"column":32}},"94":{"start":{"line":95,"column":0},"end":{"line":95,"column":7}},"95":{"start":{"line":96,"column":0},"end":{"line":96,"column":7}},"96":{"start":{"line":97,"column":0},"end":{"line":97,"column":0}},"97":{"start":{"line":98,"column":0},"end":{"line":98,"column":40}},"98":{"start":{"line":99,"column":0},"end":{"line":99,"column":57}},"99":{"start":{"line":100,"column":0},"end":{"line":100,"column":37}},"100":{"start":{"line":101,"column":0},"end":{"line":101,"column":47}},"101":{"start":{"line":102,"column":0},"end":{"line":102,"column":39}},"102":{"start":{"line":103,"column":0},"end":{"line":103,"column":7}},"103":{"start":{"line":104,"column":0},"end":{"line":104,"column":0}},"104":{"start":{"line":105,"column":0},"end":{"line":105,"column":23}},"105":{"start":{"line":106,"column":0},"end":{"line":106,"column":3}},"106":{"start":{"line":107,"column":0},"end":{"line":107,"column":0}},"107":{"start":{"line":108,"column":0},"end":{"line":108,"column":34}},"108":{"start":{"line":109,"column":0},"end":{"line":109,"column":35}},"109":{"start":{"line":110,"column":0},"end":{"line":110,"column":3}},"110":{"start":{"line":111,"column":0},"end":{"line":111,"column":1}},"111":{"start":{"line":112,"column":0},"end":{"line":112,"column":0}},"112":{"start":{"line":113,"column":0},"end":{"line":113,"column":32}},"113":{"start":{"line":114,"column":0},"end":{"line":114,"column":11}},"114":{"start":{"line":115,"column":0},"end":{"line":115,"column":23}},"115":{"start":{"line":116,"column":0},"end":{"line":116,"column":14}},"116":{"start":{"line":117,"column":0},"end":{"line":117,"column":13}},"117":{"start":{"line":118,"column":0},"end":{"line":118,"column":21}},"118":{"start":{"line":119,"column":0},"end":{"line":119,"column":22}},"119":{"start":{"line":120,"column":0},"end":{"line":120,"column":26}},"120":{"start":{"line":121,"column":0},"end":{"line":121,"column":2}}},"s":{"0":1,"1":1,"2":1,"3":1,"4":1,"5":1,"6":1,"7":1,"8":1,"9":1,"10":1,"11":1,"12":1,"13":1,"14":1,"15":1,"16":1,"17":1,"18":1,"19":1,"20":2,"21":2,"22":2,"23":1,"24":1,"25":4,"26":4,"27":4,"28":10,"29":10,"30":4,"31":4,"32":4,"33":4,"34":4,"35":3,"36":3,"37":3,"38":3,"39":3,"40":3,"41":3,"42":3,"43":3,"44":3,"45":4,"46":1,"47":1,"48":1,"49":1,"50":4,"51":1,"52":1,"53":1,"54":1,"55":1,"56":1,"57":1,"58":1,"59":1,"60":1,"61":1,"62":1,"63":1,"64":1,"65":1,"66":1,"67":1,"68":1,"69":1,"70":1,"71":1,"72":1,"73":1,"74":1,"75":1,"76":1,"77":1,"78":1,"79":1,"80":1,"81":0,"82":0,"83":1,"84":3,"85":3,"86":3,"87":3,"88":3,"89":3,"90":3,"91":3,"92":10,"93":0,"94":0,"95":10,"96":3,"97":3,"98":0,"99":0,"100":0,"101":0,"102":0,"103":3,"104":3,"105":3,"106":3,"107":3,"108":1,"109":1,"110":3,"111":1,"112":1,"113":1,"114":1,"115":1,"116":1,"117":1,"118":1,"119":1,"120":1},"branchMap":{"0":{"type":"branch","line":4,"loc":{"start":{"line":4,"column":0},"end":{"line":4,"column":15}},"locations":[{"start":{"line":4,"column":0},"end":{"line":4,"column":15}}]},"1":{"type":"branch","line":4,"loc":{"start":{"line":4,"column":0},"end":{"line":4,"column":15}},"locations":[{"start":{"line":4,"column":0},"end":{"line":4,"column":15}}]},"2":{"type":"branch","line":4,"loc":{"start":{"line":4,"column":0},"end":{"line":4,"column":15}},"locations":[{"start":{"line":4,"column":0},"end":{"line":4,"column":15}}]},"3":{"type":"branch","line":4,"loc":{"start":{"line":4,"column":0},"end":{"line":10,"column":8}},"locations":[{"start":{"line":4,"column":0},"end":{"line":10,"column":8}}]},"4":{"type":"branch","line":4,"loc":{"start":{"line":4,"column":0},"end":{"line":4,"column":15}},"locations":[{"start":{"line":4,"column":0},"end":{"line":4,"column":15}}]},"5":{"type":"branch","line":4,"loc":{"start":{"line":4,"column":0},"end":{"line":4,"column":15}},"locations":[{"start":{"line":4,"column":0},"end":{"line":4,"column":15}}]},"6":{"type":"branch","line":10,"loc":{"start":{"line":10,"column":2},"end":{"line":10,"column":8}},"locations":[{"start":{"line":10,"column":2},"end":{"line":10,"column":8}}]},"7":{"type":"branch","line":21,"loc":{"start":{"line":21,"column":0},"end":{"line":21,"column":15}},"locations":[{"start":{"line":21,"column":0},"end":{"line":21,"column":15}}]},"8":{"type":"branch","line":21,"loc":{"start":{"line":21,"column":0},"end":{"line":21,"column":15}},"locations":[{"start":{"line":21,"column":0},"end":{"line":21,"column":15}}]},"9":{"type":"branch","line":21,"loc":{"start":{"line":21,"column":0},"end":{"line":21,"column":15}},"locations":[{"start":{"line":21,"column":0},"end":{"line":21,"column":15}}]},"10":{"type":"branch","line":21,"loc":{"start":{"line":21,"column":0},"end":{"line":24,"column":17}},"locations":[{"start":{"line":21,"column":0},"end":{"line":24,"column":17}}]},"11":{"type":"branch","line":21,"loc":{"start":{"line":21,"column":0},"end":{"line":21,"column":15}},"locations":[{"start":{"line":21,"column":0},"end":{"line":21,"column":15}}]},"12":{"type":"branch","line":21,"loc":{"start":{"line":21,"column":0},"end":{"line":21,"column":15}},"locations":[{"start":{"line":21,"column":0},"end":{"line":21,"column":15}}]},"13":{"type":"branch","line":26,"loc":{"start":{"line":26,"column":0},"end":{"line":51,"column":1}},"locations":[{"start":{"line":26,"column":0},"end":{"line":51,"column":1}}]},"14":{"type":"branch","line":28,"loc":{"start":{"line":28,"column":35},"end":{"line":30,"column":3}},"locations":[{"start":{"line":28,"column":35},"end":{"line":30,"column":3}}]},"15":{"type":"branch","line":35,"loc":{"start":{"line":35,"column":39},"end":{"line":46,"column":9}},"locations":[{"start":{"line":35,"column":39},"end":{"line":46,"column":9}}]},"16":{"type":"branch","line":46,"loc":{"start":{"line":46,"column":3},"end":{"line":50,"column":3}},"locations":[{"start":{"line":46,"column":3},"end":{"line":50,"column":3}}]},"17":{"type":"branch","line":69,"loc":{"start":{"line":69,"column":0},"end":{"line":69,"column":15}},"locations":[{"start":{"line":69,"column":0},"end":{"line":69,"column":15}}]},"18":{"type":"branch","line":69,"loc":{"start":{"line":69,"column":0},"end":{"line":69,"column":15}},"locations":[{"start":{"line":69,"column":0},"end":{"line":69,"column":15}}]},"19":{"type":"branch","line":81,"loc":{"start":{"line":81,"column":3},"end":{"line":83,"column":3}},"locations":[{"start":{"line":81,"column":3},"end":{"line":83,"column":3}}]},"20":{"type":"branch","line":85,"loc":{"start":{"line":85,"column":0},"end":{"line":111,"column":1}},"locations":[{"start":{"line":85,"column":0},"end":{"line":111,"column":1}}]},"21":{"type":"branch","line":108,"loc":{"start":{"line":108,"column":33},"end":{"line":110,"column":3}},"locations":[{"start":{"line":108,"column":33},"end":{"line":110,"column":3}}]},"22":{"type":"branch","line":92,"loc":{"start":{"line":92,"column":36},"end":{"line":96,"column":7}},"locations":[{"start":{"line":92,"column":36},"end":{"line":96,"column":7}}]},"23":{"type":"branch","line":93,"loc":{"start":{"line":93,"column":50},"end":{"line":95,"column":7}},"locations":[{"start":{"line":93,"column":50},"end":{"line":95,"column":7}}]}},"b":{"0":[1],"1":[2],"2":[1],"3":[1],"4":[1],"5":[1],"6":[1],"7":[2],"8":[4],"9":[2],"10":[2],"11":[2],"12":[2],"13":[4],"14":[10],"15":[3],"16":[1],"17":[3],"18":[3],"19":[0],"20":[3],"21":[1],"22":[10],"23":[0]},"fnMap":{"0":{"name":"_callee2","decl":{"start":{"line":4,"column":0},"end":{"line":4,"column":15}},"loc":{"start":{"line":4,"column":0},"end":{"line":4,"column":15}},"line":4},"1":{"name":"_callee2$","decl":{"start":{"line":4,"column":0},"end":{"line":4,"column":15}},"loc":{"start":{"line":4,"column":0},"end":{"line":4,"column":15}},"line":4},"2":{"name":"_callee","decl":{"start":{"line":10,"column":36},"end":{"line":10,"column":43}},"loc":{"start":{"line":10,"column":36},"end":{"line":10,"column":43}},"line":10},"3":{"name":"_callee3","decl":{"start":{"line":21,"column":0},"end":{"line":21,"column":15}},"loc":{"start":{"line":21,"column":0},"end":{"line":21,"column":15}},"line":21},"4":{"name":"_callee3$","decl":{"start":{"line":21,"column":0},"end":{"line":21,"column":15}},"loc":{"start":{"line":21,"column":0},"end":{"line":21,"column":15}},"line":21},"5":{"name":"showWeather","decl":{"start":{"line":26,"column":0},"end":{"line":51,"column":1}},"loc":{"start":{"line":26,"column":0},"end":{"line":51,"column":1}},"line":26},"6":{"name":"_callee6","decl":{"start":{"line":69,"column":0},"end":{"line":69,"column":15}},"loc":{"start":{"line":69,"column":0},"end":{"line":69,"column":15}},"line":69},"7":{"name":"_callee6$","decl":{"start":{"line":69,"column":0},"end":{"line":69,"column":15}},"loc":{"start":{"line":69,"column":0},"end":{"line":69,"column":15}},"line":69},"8":{"name":"savePreviousRequestInfo","decl":{"start":{"line":85,"column":0},"end":{"line":111,"column":1}},"loc":{"start":{"line":85,"column":0},"end":{"line":111,"column":1}},"line":85}},"f":{"0":1,"1":2,"2":0,"3":2,"4":4,"5":4,"6":3,"7":3,"8":3}}
}
