TN:
SF:src\script.js
FN:4,_callee2
FN:4,_callee2$
FN:10,_callee
FN:21,_callee3
FN:21,_callee3$
FN:26,showWeather
FN:69,_callee6
FN:69,_callee6$
FN:85,savePreviousRequestInfo
FNF:9
FNH:8
FNDA:1,_callee2
FNDA:2,_callee2$
FNDA:0,_callee
FNDA:2,_callee3
FNDA:4,_callee3$
FNDA:4,showWeather
FNDA:3,_callee6
FNDA:3,_callee6$
FNDA:3,savePreviousRequestInfo
DA:1,1
DA:2,1
DA:3,1
DA:4,1
DA:5,1
DA:6,1
DA:7,1
DA:8,1
DA:9,1
DA:10,1
DA:11,1
DA:12,1
DA:13,1
DA:14,1
DA:15,1
DA:16,1
DA:17,1
DA:18,1
DA:19,1
DA:20,1
DA:21,2
DA:22,2
DA:23,2
DA:24,1
DA:25,1
DA:26,4
DA:27,4
DA:28,4
DA:29,10
DA:30,10
DA:31,4
DA:32,4
DA:33,4
DA:34,4
DA:35,4
DA:36,3
DA:37,3
DA:38,3
DA:39,3
DA:40,3
DA:41,3
DA:42,3
DA:43,3
DA:44,3
DA:45,3
DA:46,4
DA:47,1
DA:48,1
DA:49,1
DA:50,1
DA:51,4
DA:52,1
DA:53,1
DA:54,1
DA:55,1
DA:56,1
DA:57,1
DA:58,1
DA:59,1
DA:60,1
DA:61,1
DA:62,1
DA:63,1
DA:64,1
DA:65,1
DA:66,1
DA:67,1
DA:68,1
DA:69,1
DA:70,1
DA:71,1
DA:72,1
DA:73,1
DA:74,1
DA:75,1
DA:76,1
DA:77,1
DA:78,1
DA:79,1
DA:80,1
DA:81,1
DA:82,0
DA:83,0
DA:84,1
DA:85,3
DA:86,3
DA:87,3
DA:88,3
DA:89,3
DA:90,3
DA:91,3
DA:92,3
DA:93,10
DA:94,0
DA:95,0
DA:96,10
DA:97,3
DA:98,3
DA:99,0
DA:100,0
DA:101,0
DA:102,0
DA:103,0
DA:104,3
DA:105,3
DA:106,3
DA:107,3
DA:108,3
DA:109,1
DA:110,1
DA:111,3
DA:112,1
DA:113,1
DA:114,1
DA:115,1
DA:116,1
DA:117,1
DA:118,1
DA:119,1
DA:120,1
DA:121,1
LF:121
LH:112
BRDA:4,0,0,1
BRDA:4,1,0,2
BRDA:4,2,0,1
BRDA:4,3,0,1
BRDA:4,4,0,1
BRDA:4,5,0,1
BRDA:10,6,0,1
BRDA:21,7,0,2
BRDA:21,8,0,4
BRDA:21,9,0,2
BRDA:21,10,0,2
BRDA:21,11,0,2
BRDA:21,12,0,2
BRDA:26,13,0,4
BRDA:28,14,0,10
BRDA:35,15,0,3
BRDA:46,16,0,1
BRDA:69,17,0,3
BRDA:69,18,0,3
BRDA:81,19,0,0
BRDA:85,20,0,3
BRDA:108,21,0,1
BRDA:92,22,0,10
BRDA:93,23,0,0
BRF:24
BRH:22
end_of_record
